  21  principal   -            completed   Deployed via gh-pages npm package: committed all pending changes, set Vite base to /whether/, rebased onto origin/main, pushed 15 commits, published gh-pages branch; one manual step remains — enable Pages in repo settings pointing to gh-pages branch.
  20  lead        -            completed   Confirmed repo name `folkin/whether`; dispatched Principal to commit pending changes, set Vite base path, add GitHub Actions deploy workflow, and push to GitHub Pages.
  19  principal   build        completed   Implemented header order swap, 7-day strip always-visible grid, and hourly panel with click-to-select days, temp bar visualization, and absolute feels-like color scale; all 159 tests pass, build clean.
  18  lead        build        completed   Scoped three UI changes: header date/location swap, 7-day strip responsive fix, hourly detail panel with day selection; dispatched Principal to build.
  17  principal   build        completed   Canvas-based radar tile remap plumbing implemented; pixel audit confirmed exact-match LUT sufficient; production build verified clean.
  16  lead        -            completed   Dispatched Principal for UAT: human has issues to surface; Principal to work through them conversationally and fix what's found.
  15  principal   build        completed   Integration pass complete: all boundary checks pass, two issues fixed (CACHE_NAMES now imported directly in vite.config.js; source.svg moved out of public/), PWA icons generated and wired, all Piece 12 behavioral cases confirmed wired, 159 tests passing, clean build.
  14  lead        integrate    completed   Dispatched Principal to integrate: boundary checks, PWA icons via @vite-pwa/assets-generator, behavioral wiring review against Piece 12 contracts.
  13  principal   build        completed   Built and committed all remaining pieces (Geolocation, Open-Meteo Client, Weather Provider, Radar Module, full App Shell, Service Worker) across Tiers 2–5; 159 tests passing, clean PWA build with sw.js emitted; one deferred item: PWA icons (public/icons/*.png) needed before store submission.
  12  lead        build        completed   Human signed off on skeleton; dispatched Principal to build remaining pieces (Pieces 3, 5, 6, 11, 12, 13) in tier order.
  11  principal   build        completed   Built app skeleton: Vite + vanilla JS project scaffolded, all five tiers implemented (config, storage, theme, renderers, app shell), two-tab nav with static weather data rendering in both themes, 112 tests passing, build clean.
  10  lead        build        completed   Approved decomposition; dispatched Principal to build app skeleton (Tiers 0–3 + App Shell stub with static data) for human UX sign-off before full implementation.
   9  principal   -            completed   Revised decomposition: added Weather Provider seam (Piece 5) with Open-Meteo Client (Piece 6) as its implementation detail; fixed Icon Resolver (Piece 7) to use condition-based VS Code palette token accent colors with no monochrome language.
   8  lead        -            completed   Sent Principal back to revise decomposition: add provider seam for weather data source swappability, fix Icon Resolver to use condition-based accent colors from VS Code palette tokens.
   7  principal   decompose    completed   Decomposed the weather PWA into 12 pieces with contracts and dependency tiers; resolved all open questions (2-tab nav, radar full-screen with play/pause+scrubber auto-pause, conditional dot marker, monochrome icons).
   6  lead        decompose    completed   Confirmed Vite, promoted radar to in-scope, dispatched Principal to decompose with instructions to surface radar UX questions inline for immediate resolution.
   5  principal   prototype    completed   Built HTML prototype; human approved layout, chose accent-colored icons, and picked cloud-sun as app icon.
   4  lead        prototype    completed   Human confirmed prototype before decomp; dispatched Principal to build static HTML/CSS mockup resolving layout, icon color treatment, and app icon questions.
   3  principal   discover     completed   Discovery complete: Open-Meteo confirmed, browser geolocation replaces ZIP, Lucide icons + custom gap SVGs, light/dark themes from VS Code palette, esbuild/Vite build to single HTML/JS/CSS, Leaflet+RainViewer for deferred radar — all stack decisions resolved, ready for decomposition.
   2  lead        discover     completed   Gathered human constraints; dispatched Discovery to research Open-Meteo API, ZIP geocoding, Lucide icon coverage, radar options, and PWA requirements.
   1  init        initialize   completed   Project bootstrapped on 04/04/2026 08:52
